2012/06/19 22:26:48 にビルドを開始しました。
     1>ノード 2 上のプロジェクト "E:\DropBox\flashstudies\1206\FullScreen_CSharp\FullScreen_CSharp\FullScreen_CSharp\FullScreen_CSharp.vcxproj" (build ターゲット)。
     1>PrepareForBuild:
         ディレクトリ "E:\Dropbox\flashstudies\1206\FullScreen_CSharp\FullScreen_CSharp\Release\" を作成しています。
       InitializeBuildStatus:
         "AlwaysCreate" が指定されたため "Release\FullScreen_CSharp.unsuccessfulbuild" を作成しています。
       GenerateTargetFrameworkMonikerAttribute:
       すべての出力ファイルが入力ファイルに対して最新なので、ターゲット "GenerateTargetFrameworkMonikerAttribute" を省略します。
       ClCompile:
         C:\Program Files\Microsoft Visual Studio 10.0\VC\bin\CL.exe /c /AI"C:\Program Files\Reference Assemblies\Microsoft\Framework\.NETFramework\v4.0" /Zi /clr:pure /nologo /W3 /WX- /O2 /Oy- /D WIN32 /D NDEBUG /D _UNICODE /D UNICODE /EHa /MD /GS /fp:precise /Zc:wchar_t /Zc:forScope /Yc"StdAfx.h" /Fp"Release\FullScreen_CSharp.pch" /Fo"Release\\" /Fd"Release\vc100.pdb" /TP /FU"C:\Program Files\Reference Assemblies\Microsoft\Framework\.NETFramework\v4.0\System.Core.dll" /FU"C:\Program Files\Reference Assemblies\Microsoft\Framework\.NETFramework\v4.0\System.Data.dll" /FU"C:\Program Files\Reference Assemblies\Microsoft\Framework\.NETFramework\v4.0\System.dll" /FU"C:\Program Files\Reference Assemblies\Microsoft\Framework\.NETFramework\v4.0\System.Drawing.dll" /FU"C:\Program Files\Reference Assemblies\Microsoft\Framework\.NETFramework\v4.0\System.Windows.Forms.dll" /FU"C:\Program Files\Reference Assemblies\Microsoft\Framework\.NETFramework\v4.0\System.Xml.dll" /FUInterop\Interop.ShockwaveFlashObjects.1.0.dll /FUInterop\AxInterop.ShockwaveFlashObjects.1.0.dll /analyze- /errorReport:prompt stdafx.cpp /clr:nostdlib 
         stdafx.cpp
         C:\Program Files\Microsoft Visual Studio 10.0\VC\bin\CL.exe /c /AI"C:\Program Files\Reference Assemblies\Microsoft\Framework\.NETFramework\v4.0" /Zi /clr:pure /nologo /W3 /WX- /O2 /Oy- /D WIN32 /D NDEBUG /D _UNICODE /D UNICODE /EHa /MD /GS /fp:precise /Zc:wchar_t /Zc:forScope /Yu"StdAfx.h" /Fp"Release\FullScreen_CSharp.pch" /Fo"Release\\" /Fd"Release\vc100.pdb" /TP /FU"C:\Program Files\Reference Assemblies\Microsoft\Framework\.NETFramework\v4.0\System.Core.dll" /FU"C:\Program Files\Reference Assemblies\Microsoft\Framework\.NETFramework\v4.0\System.Data.dll" /FU"C:\Program Files\Reference Assemblies\Microsoft\Framework\.NETFramework\v4.0\System.dll" /FU"C:\Program Files\Reference Assemblies\Microsoft\Framework\.NETFramework\v4.0\System.Drawing.dll" /FU"C:\Program Files\Reference Assemblies\Microsoft\Framework\.NETFramework\v4.0\System.Windows.Forms.dll" /FU"C:\Program Files\Reference Assemblies\Microsoft\Framework\.NETFramework\v4.0\System.Xml.dll" /FUInterop\Interop.ShockwaveFlashObjects.1.0.dll /FUInterop\AxInterop.ShockwaveFlashObjects.1.0.dll /analyze- /errorReport:prompt AssemblyInfo.cpp FullScreen_CSharp.cpp /clr:nostdlib 
         AssemblyInfo.cpp
         FullScreen_CSharp.cpp
         コードを生成中...
         C:\Program Files\Microsoft Visual Studio 10.0\VC\bin\CL.exe /c /Zi /clr:pure /nologo /W3 /WX- /O2 /Oy- /D WIN32 /D NDEBUG /D _UNICODE /D UNICODE /EHa /MD /GS /fp:precise /Zc:wchar_t /Zc:forScope /Fo"Release\\" /Fd"Release\vc100.pdb" /TP /analyze- /errorReport:prompt "C:\Users\suneo\AppData\Local\Temp\.NETFramework,Version=v4.0.AssemblyAttributes.cpp"
         .NETFramework,Version=v4.0.AssemblyAttributes.cpp
       CoreResGen:
         "C:\Program Files\Microsoft SDKs\Windows\v7.0A\bin\NETFX 4.0 Tools\resgen.exe" /useSourcePath /r:"C:\Program Files\Reference Assemblies\Microsoft\Framework\.NETFramework\v4.0\System.Core.dll" /r:"C:\Program Files\Reference Assemblies\Microsoft\Framework\.NETFramework\v4.0\System.Data.dll" /r:"C:\Program Files\Reference Assemblies\Microsoft\Framework\.NETFramework\v4.0\System.dll" /r:"C:\Program Files\Reference Assemblies\Microsoft\Framework\.NETFramework\v4.0\System.Drawing.dll" /r:"C:\Program Files\Reference Assemblies\Microsoft\Framework\.NETFramework\v4.0\System.Windows.Forms.dll" /r:"C:\Program Files\Reference Assemblies\Microsoft\Framework\.NETFramework\v4.0\System.Xml.dll" /r:Interop\Interop.ShockwaveFlashObjects.1.0.dll /r:Interop\AxInterop.ShockwaveFlashObjects.1.0.dll /compile Form1.resX,Release\FullScreen_CSharp.Form1.resources
         リソース ファイル "Form1.resX" を "Release\FullScreen_CSharp.Form1.resources" に処理しています。
       ResourceCompile:
         C:\Program Files\Microsoft SDKs\Windows\v7.0A\bin\rc.exe /D _UNICODE /D UNICODE /l"0x0409" /nologo /fo"Release\app.res" app.rc 
       Link:
         C:\Program Files\Microsoft Visual Studio 10.0\VC\bin\link.exe /ERRORREPORT:PROMPT /OUT:"E:\Dropbox\flashstudies\1206\FullScreen_CSharp\FullScreen_CSharp\Release\FullScreen_CSharp.exe" /INCREMENTAL:NO /NOLOGO /ASSEMBLYRESOURCE:Release\FullScreen_CSharp.Form1.resources /MANIFEST /ManifestFile:"Release\FullScreen_CSharp.exe.intermediate.manifest" /MANIFESTUAC:"level='asInvoker' uiAccess='false'" /DEBUG /PDB:"E:\Dropbox\flashstudies\1206\FullScreen_CSharp\FullScreen_CSharp\Release\FullScreen_CSharp.pdb" /SUBSYSTEM:WINDOWS /TLBID:1 /ENTRY:"main" /DYNAMICBASE /FIXED:NO /NXCOMPAT /MACHINE:X86 Release\app.res
         Release\AssemblyInfo.obj
         Release\FullScreen_CSharp.obj
         Release\stdafx.obj
         "Release\.NETFramework,Version=v4.0.AssemblyAttributes.obj"
         FullScreen_CSharp.vcxproj -> E:\Dropbox\flashstudies\1206\FullScreen_CSharp\FullScreen_CSharp\Release\FullScreen_CSharp.exe
       Manifest:
         C:\Program Files\Microsoft SDKs\Windows\v7.0A\bin\mt.exe /nologo /verbose /outputresource:"E:\Dropbox\flashstudies\1206\FullScreen_CSharp\FullScreen_CSharp\Release\FullScreen_CSharp.exe;#1" /manifest Release\FullScreen_CSharp.exe.intermediate.manifest
       CopyFilesToOutputDirectory:
         "Interop\Interop.ShockwaveFlashObjects.1.0.dll" から "E:\Dropbox\flashstudies\1206\FullScreen_CSharp\FullScreen_CSharp\Release\Interop.ShockwaveFlashObjects.1.0.dll" へファイルをコピーしています。
         "Interop\AxInterop.ShockwaveFlashObjects.1.0.dll" から "E:\Dropbox\flashstudies\1206\FullScreen_CSharp\FullScreen_CSharp\Release\AxInterop.ShockwaveFlashObjects.1.0.dll" へファイルをコピーしています。
       FinalizeBuildStatus:
         ファイル "Release\FullScreen_CSharp.unsuccessfulbuild" を削除しています。
         "Release\FullScreen_CSharp.lastbuildstate" のタッチ タスクを実行しています。
     1>プロジェクト "E:\DropBox\flashstudies\1206\FullScreen_CSharp\FullScreen_CSharp\FullScreen_CSharp\FullScreen_CSharp.vcxproj" (build ターゲット) のビルドが完了しました。

ビルドに成功しました。

経過時間 00:00:04.14
